  Source.cpp
C:\Users\Kevin Jonathan\source\repos\GrafkomUAS\GrafkomUAS\Matrix.h(73,36): warning C4244: 'argument': conversion from 'double' to 'int', possible loss of data
C:\Users\Kevin Jonathan\source\repos\GrafkomUAS\GrafkomUAS\Mesh.h(54,41): warning C4244: 'argument': conversion from 'double' to 'int', possible loss of data
C:\Users\Kevin Jonathan\source\repos\GrafkomUAS\GrafkomUAS\Mesh.h(54,34): warning C4244: 'argument': conversion from 'double' to 'int', possible loss of data
C:\Users\Kevin Jonathan\source\repos\GrafkomUAS\GrafkomUAS\Mesh.h(54,27): warning C4244: 'argument': conversion from 'double' to 'int', possible loss of data
C:\Users\Kevin Jonathan\source\repos\GrafkomUAS\GrafkomUAS\Mesh.h(55,49): warning C4244: 'argument': conversion from 'double' to 'int', possible loss of data
C:\Users\Kevin Jonathan\source\repos\GrafkomUAS\GrafkomUAS\Mesh.h(55,42): warning C4244: 'argument': conversion from 'double' to 'int', possible loss of data
C:\Users\Kevin Jonathan\source\repos\GrafkomUAS\GrafkomUAS\Mesh.h(55,35): warning C4244: 'argument': conversion from 'double' to 'int', possible loss of data
C:\Users\Kevin Jonathan\source\repos\GrafkomUAS\GrafkomUAS\Mesh.h(77,80): warning C4244: 'argument': conversion from 'double' to 'GLfloat', possible loss of data
C:\Users\Kevin Jonathan\source\repos\GrafkomUAS\GrafkomUAS\Mesh.h(77,55): warning C4244: 'argument': conversion from 'double' to 'GLfloat', possible loss of data
C:\Users\Kevin Jonathan\source\repos\GrafkomUAS\GrafkomUAS\Mesh.h(77,29): warning C4244: 'argument': conversion from 'double' to 'GLfloat', possible loss of data
C:\Users\Kevin Jonathan\source\repos\GrafkomUAS\GrafkomUAS\Mesh.h(78,101): warning C4244: 'argument': conversion from 'double' to 'GLfloat', possible loss of data
C:\Users\Kevin Jonathan\source\repos\GrafkomUAS\GrafkomUAS\Mesh.h(78,71): warning C4244: 'argument': conversion from 'double' to 'GLfloat', possible loss of data
C:\Users\Kevin Jonathan\source\repos\GrafkomUAS\GrafkomUAS\Mesh.h(78,41): warning C4244: 'argument': conversion from 'double' to 'GLfloat', possible loss of data
C:\Users\Kevin Jonathan\source\repos\GrafkomUAS\GrafkomUAS\Mesh.h(79,101): warning C4244: 'argument': conversion from 'double' to 'GLfloat', possible loss of data
C:\Users\Kevin Jonathan\source\repos\GrafkomUAS\GrafkomUAS\Mesh.h(79,71): warning C4244: 'argument': conversion from 'double' to 'GLfloat', possible loss of data
C:\Users\Kevin Jonathan\source\repos\GrafkomUAS\GrafkomUAS\Mesh.h(79,41): warning C4244: 'argument': conversion from 'double' to 'GLfloat', possible loss of data
C:\Users\Kevin Jonathan\source\repos\GrafkomUAS\GrafkomUAS\Mesh.h(80,101): warning C4244: 'argument': conversion from 'double' to 'GLfloat', possible loss of data
C:\Users\Kevin Jonathan\source\repos\GrafkomUAS\GrafkomUAS\Mesh.h(80,71): warning C4244: 'argument': conversion from 'double' to 'GLfloat', possible loss of data
C:\Users\Kevin Jonathan\source\repos\GrafkomUAS\GrafkomUAS\Mesh.h(80,41): warning C4244: 'argument': conversion from 'double' to 'GLfloat', possible loss of data
C:\Users\Kevin Jonathan\source\repos\GrafkomUAS\GrafkomUAS\Mesh.h(90,77): warning C4244: 'argument': conversion from 'double' to 'GLfloat', possible loss of data
C:\Users\Kevin Jonathan\source\repos\GrafkomUAS\GrafkomUAS\Mesh.h(90,53): warning C4244: 'argument': conversion from 'double' to 'GLfloat', possible loss of data
C:\Users\Kevin Jonathan\source\repos\GrafkomUAS\GrafkomUAS\Mesh.h(90,28): warning C4244: 'argument': conversion from 'double' to 'GLfloat', possible loss of data
C:\Users\Kevin Jonathan\source\repos\GrafkomUAS\GrafkomUAS\Mesh.h(91,104): warning C4244: 'argument': conversion from 'double' to 'GLfloat', possible loss of data
C:\Users\Kevin Jonathan\source\repos\GrafkomUAS\GrafkomUAS\Mesh.h(91,71): warning C4244: 'argument': conversion from 'double' to 'GLfloat', possible loss of data
C:\Users\Kevin Jonathan\source\repos\GrafkomUAS\GrafkomUAS\Mesh.h(91,41): warning C4244: 'argument': conversion from 'double' to 'GLfloat', possible loss of data
C:\Users\Kevin Jonathan\source\repos\GrafkomUAS\GrafkomUAS\Mesh.h(92,104): warning C4244: 'argument': conversion from 'double' to 'GLfloat', possible loss of data
C:\Users\Kevin Jonathan\source\repos\GrafkomUAS\GrafkomUAS\Mesh.h(92,71): warning C4244: 'argument': conversion from 'double' to 'GLfloat', possible loss of data
C:\Users\Kevin Jonathan\source\repos\GrafkomUAS\GrafkomUAS\Mesh.h(92,41): warning C4244: 'argument': conversion from 'double' to 'GLfloat', possible loss of data
C:\Users\Kevin Jonathan\source\repos\GrafkomUAS\GrafkomUAS\Mesh.h(93,104): warning C4244: 'argument': conversion from 'double' to 'GLfloat', possible loss of data
C:\Users\Kevin Jonathan\source\repos\GrafkomUAS\GrafkomUAS\Mesh.h(93,71): warning C4244: 'argument': conversion from 'double' to 'GLfloat', possible loss of data
C:\Users\Kevin Jonathan\source\repos\GrafkomUAS\GrafkomUAS\Mesh.h(93,41): warning C4244: 'argument': conversion from 'double' to 'GLfloat', possible loss of data
C:\Users\Kevin Jonathan\source\repos\GrafkomUAS\GrafkomUAS\Mesh.h(103,77): warning C4244: 'argument': conversion from 'double' to 'GLfloat', possible loss of data
C:\Users\Kevin Jonathan\source\repos\GrafkomUAS\GrafkomUAS\Mesh.h(103,53): warning C4244: 'argument': conversion from 'double' to 'GLfloat', possible loss of data
C:\Users\Kevin Jonathan\source\repos\GrafkomUAS\GrafkomUAS\Mesh.h(103,28): warning C4244: 'argument': conversion from 'double' to 'GLfloat', possible loss of data
C:\Users\Kevin Jonathan\source\repos\GrafkomUAS\GrafkomUAS\Mesh.h(104,104): warning C4244: 'argument': conversion from 'double' to 'GLfloat', possible loss of data
C:\Users\Kevin Jonathan\source\repos\GrafkomUAS\GrafkomUAS\Mesh.h(104,71): warning C4244: 'argument': conversion from 'double' to 'GLfloat', possible loss of data
C:\Users\Kevin Jonathan\source\repos\GrafkomUAS\GrafkomUAS\Mesh.h(104,41): warning C4244: 'argument': conversion from 'double' to 'GLfloat', possible loss of data
C:\Users\Kevin Jonathan\source\repos\GrafkomUAS\GrafkomUAS\Mesh.h(105,104): warning C4244: 'argument': conversion from 'double' to 'GLfloat', possible loss of data
C:\Users\Kevin Jonathan\source\repos\GrafkomUAS\GrafkomUAS\Mesh.h(105,71): warning C4244: 'argument': conversion from 'double' to 'GLfloat', possible loss of data
C:\Users\Kevin Jonathan\source\repos\GrafkomUAS\GrafkomUAS\Mesh.h(105,41): warning C4244: 'argument': conversion from 'double' to 'GLfloat', possible loss of data
C:\Users\Kevin Jonathan\source\repos\GrafkomUAS\GrafkomUAS\Mesh.h(106,104): warning C4244: 'argument': conversion from 'double' to 'GLfloat', possible loss of data
C:\Users\Kevin Jonathan\source\repos\GrafkomUAS\GrafkomUAS\Mesh.h(106,71): warning C4244: 'argument': conversion from 'double' to 'GLfloat', possible loss of data
C:\Users\Kevin Jonathan\source\repos\GrafkomUAS\GrafkomUAS\Mesh.h(106,41): warning C4244: 'argument': conversion from 'double' to 'GLfloat', possible loss of data
C:\Users\Kevin Jonathan\source\repos\GrafkomUAS\GrafkomUAS\Mesh.h(116,77): warning C4244: 'argument': conversion from 'double' to 'GLfloat', possible loss of data
C:\Users\Kevin Jonathan\source\repos\GrafkomUAS\GrafkomUAS\Mesh.h(116,53): warning C4244: 'argument': conversion from 'double' to 'GLfloat', possible loss of data
C:\Users\Kevin Jonathan\source\repos\GrafkomUAS\GrafkomUAS\Mesh.h(116,28): warning C4244: 'argument': conversion from 'double' to 'GLfloat', possible loss of data
C:\Users\Kevin Jonathan\source\repos\GrafkomUAS\GrafkomUAS\Mesh.h(117,107): warning C4244: 'argument': conversion from 'double' to 'GLfloat', possible loss of data
C:\Users\Kevin Jonathan\source\repos\GrafkomUAS\GrafkomUAS\Mesh.h(117,73): warning C4244: 'argument': conversion from 'double' to 'GLfloat', possible loss of data
C:\Users\Kevin Jonathan\source\repos\GrafkomUAS\GrafkomUAS\Mesh.h(117,42): warning C4244: 'argument': conversion from 'double' to 'GLfloat', possible loss of data
C:\Users\Kevin Jonathan\source\repos\GrafkomUAS\GrafkomUAS\Mesh.h(118,107): warning C4244: 'argument': conversion from 'double' to 'GLfloat', possible loss of data
C:\Users\Kevin Jonathan\source\repos\GrafkomUAS\GrafkomUAS\Mesh.h(118,73): warning C4244: 'argument': conversion from 'double' to 'GLfloat', possible loss of data
C:\Users\Kevin Jonathan\source\repos\GrafkomUAS\GrafkomUAS\Mesh.h(118,42): warning C4244: 'argument': conversion from 'double' to 'GLfloat', possible loss of data
C:\Users\Kevin Jonathan\source\repos\GrafkomUAS\GrafkomUAS\Mesh.h(119,107): warning C4244: 'argument': conversion from 'double' to 'GLfloat', possible loss of data
C:\Users\Kevin Jonathan\source\repos\GrafkomUAS\GrafkomUAS\Mesh.h(119,73): warning C4244: 'argument': conversion from 'double' to 'GLfloat', possible loss of data
C:\Users\Kevin Jonathan\source\repos\GrafkomUAS\GrafkomUAS\Mesh.h(119,42): warning C4244: 'argument': conversion from 'double' to 'GLfloat', possible loss of data
C:\Users\Kevin Jonathan\source\repos\GrafkomUAS\GrafkomUAS\Camera.h(34,36): warning C4244: 'argument': conversion from 'double' to 'int', possible loss of data
C:\Users\Kevin Jonathan\source\repos\GrafkomUAS\GrafkomUAS\Camera.h(35,36): warning C4244: 'argument': conversion from 'double' to 'int', possible loss of data
C:\Users\Kevin Jonathan\source\repos\GrafkomUAS\GrafkomUAS\Camera.h(36,36): warning C4244: 'argument': conversion from 'double' to 'int', possible loss of data
C:\Users\Kevin Jonathan\source\repos\GrafkomUAS\GrafkomUAS\Camera.h(37,33): warning C4244: 'argument': conversion from 'double' to 'int', possible loss of data
C:\Users\Kevin Jonathan\source\repos\GrafkomUAS\GrafkomUAS\Camera.h(39,36): warning C4244: 'argument': conversion from 'double' to 'int', possible loss of data
C:\Users\Kevin Jonathan\source\repos\GrafkomUAS\GrafkomUAS\Camera.h(40,36): warning C4244: 'argument': conversion from 'double' to 'int', possible loss of data
C:\Users\Kevin Jonathan\source\repos\GrafkomUAS\GrafkomUAS\Camera.h(41,36): warning C4244: 'argument': conversion from 'double' to 'int', possible loss of data
C:\Users\Kevin Jonathan\source\repos\GrafkomUAS\GrafkomUAS\Camera.h(42,33): warning C4244: 'argument': conversion from 'double' to 'int', possible loss of data
C:\Users\Kevin Jonathan\source\repos\GrafkomUAS\GrafkomUAS\Camera.h(44,36): warning C4244: 'argument': conversion from 'double' to 'int', possible loss of data
C:\Users\Kevin Jonathan\source\repos\GrafkomUAS\GrafkomUAS\Camera.h(45,36): warning C4244: 'argument': conversion from 'double' to 'int', possible loss of data
C:\Users\Kevin Jonathan\source\repos\GrafkomUAS\GrafkomUAS\Camera.h(46,36): warning C4244: 'argument': conversion from 'double' to 'int', possible loss of data
C:\Users\Kevin Jonathan\source\repos\GrafkomUAS\GrafkomUAS\Camera.h(47,33): warning C4244: 'argument': conversion from 'double' to 'int', possible loss of data
C:\Users\Kevin Jonathan\source\repos\GrafkomUAS\GrafkomUAS\Camera.h(76,36): warning C4244: 'argument': conversion from 'double' to 'int', possible loss of data
C:\Users\Kevin Jonathan\source\repos\GrafkomUAS\GrafkomUAS\Camera.h(77,36): warning C4244: 'argument': conversion from 'double' to 'int', possible loss of data
C:\Users\Kevin Jonathan\source\repos\GrafkomUAS\GrafkomUAS\Camera.h(78,36): warning C4244: 'argument': conversion from 'double' to 'int', possible loss of data
C:\Users\Kevin Jonathan\source\repos\GrafkomUAS\GrafkomUAS\Camera.h(79,33): warning C4244: 'argument': conversion from 'double' to 'int', possible loss of data
C:\Users\Kevin Jonathan\source\repos\GrafkomUAS\GrafkomUAS\Camera.h(81,36): warning C4244: 'argument': conversion from 'double' to 'int', possible loss of data
C:\Users\Kevin Jonathan\source\repos\GrafkomUAS\GrafkomUAS\Camera.h(82,36): warning C4244: 'argument': conversion from 'double' to 'int', possible loss of data
C:\Users\Kevin Jonathan\source\repos\GrafkomUAS\GrafkomUAS\Camera.h(83,36): warning C4244: 'argument': conversion from 'double' to 'int', possible loss of data
C:\Users\Kevin Jonathan\source\repos\GrafkomUAS\GrafkomUAS\Camera.h(84,33): warning C4244: 'argument': conversion from 'double' to 'int', possible loss of data
C:\Users\Kevin Jonathan\source\repos\GrafkomUAS\GrafkomUAS\Camera.h(86,36): warning C4244: 'argument': conversion from 'double' to 'int', possible loss of data
C:\Users\Kevin Jonathan\source\repos\GrafkomUAS\GrafkomUAS\Camera.h(87,36): warning C4244: 'argument': conversion from 'double' to 'int', possible loss of data
C:\Users\Kevin Jonathan\source\repos\GrafkomUAS\GrafkomUAS\Camera.h(88,36): warning C4244: 'argument': conversion from 'double' to 'int', possible loss of data
C:\Users\Kevin Jonathan\source\repos\GrafkomUAS\GrafkomUAS\Camera.h(89,33): warning C4244: 'argument': conversion from 'double' to 'int', possible loss of data
C:\Users\Kevin Jonathan\source\repos\GrafkomUAS\GrafkomUAS\Camera.h(123,36): warning C4244: 'argument': conversion from 'double' to 'int', possible loss of data
C:\Users\Kevin Jonathan\source\repos\GrafkomUAS\GrafkomUAS\Camera.h(124,36): warning C4244: 'argument': conversion from 'double' to 'int', possible loss of data
C:\Users\Kevin Jonathan\source\repos\GrafkomUAS\GrafkomUAS\Camera.h(125,36): warning C4244: 'argument': conversion from 'double' to 'int', possible loss of data
C:\Users\Kevin Jonathan\source\repos\GrafkomUAS\GrafkomUAS\Camera.h(126,33): warning C4244: 'argument': conversion from 'double' to 'int', possible loss of data
C:\Users\Kevin Jonathan\source\repos\GrafkomUAS\GrafkomUAS\Camera.h(128,36): warning C4244: 'argument': conversion from 'double' to 'int', possible loss of data
C:\Users\Kevin Jonathan\source\repos\GrafkomUAS\GrafkomUAS\Camera.h(129,36): warning C4244: 'argument': conversion from 'double' to 'int', possible loss of data
C:\Users\Kevin Jonathan\source\repos\GrafkomUAS\GrafkomUAS\Camera.h(130,36): warning C4244: 'argument': conversion from 'double' to 'int', possible loss of data
C:\Users\Kevin Jonathan\source\repos\GrafkomUAS\GrafkomUAS\Camera.h(131,33): warning C4244: 'argument': conversion from 'double' to 'int', possible loss of data
C:\Users\Kevin Jonathan\source\repos\GrafkomUAS\GrafkomUAS\Camera.h(133,36): warning C4244: 'argument': conversion from 'double' to 'int', possible loss of data
C:\Users\Kevin Jonathan\source\repos\GrafkomUAS\GrafkomUAS\Camera.h(134,36): warning C4244: 'argument': conversion from 'double' to 'int', possible loss of data
C:\Users\Kevin Jonathan\source\repos\GrafkomUAS\GrafkomUAS\Camera.h(135,36): warning C4244: 'argument': conversion from 'double' to 'int', possible loss of data
C:\Users\Kevin Jonathan\source\repos\GrafkomUAS\GrafkomUAS\Camera.h(136,33): warning C4244: 'argument': conversion from 'double' to 'int', possible loss of data
C:\Users\Kevin Jonathan\source\repos\GrafkomUAS\GrafkomUAS\Source.cpp(353,21): warning C4244: 'argument': conversion from 'double' to 'unsigned int', possible loss of data
C:\Users\Kevin Jonathan\source\repos\GrafkomUAS\GrafkomUAS\Color.h(59): warning C4715: 'Ccolor::operator+': not all control paths return a value
C:\Users\Kevin Jonathan\source\repos\GrafkomUAS\GrafkomUAS\Color.h(81): warning C4715: 'Ccolor::operator*': not all control paths return a value
  GrafkomUAS.vcxproj -> C:\Users\Kevin Jonathan\source\repos\GrafkomUAS\Debug\GrafkomUAS.exe
